<?xml version="1.0" encoding="UTF-8"?>
<!-- Generated by org.testng.reporters.JUnitReportReporter -->
<testsuite hostname="DESKTOP-BQAHKGA" failures="0" tests="1" name="tests.TestScripts" time="8.145" errors="1" timestamp="2021-07-15T13:21:53 EEST" skipped="0">
  <testcase classname="tests.TestScripts" name="task3" time="8.145">
    <error message="java.lang.IllegalArgumentException: Unable to compile &#039;//*[@class = &#039;//*[@class = &#039;android.widget.LinearLayout&#039;]&#039;. See Cause.
For documentation on this error, please visit: https://www.seleniumhq.org/exceptions/invalid_selector_exception.html
Build info: version: &#039;3.141.59&#039;, revision: &#039;e82be7d358&#039;, time: &#039;2018-11-14T08:17:03&#039;
System info: host: &#039;DESKTOP-BQAHKGA&#039;, ip: &#039;172.28.160.1&#039;, os.name: &#039;Windows 10&#039;, os.arch: &#039;amd64&#039;, os.version: &#039;10.0&#039;, java.version: &#039;14.0.2&#039;
Driver info: io.appium.java_client.AppiumDriver
Capabilities {appActivity: com.example.newsapp.splash...., appPackage: com.example.newsapp, chromedriverExecutable: C:\chromedriver\chromedrive..., databaseEnabled: false, desired: {appActivity: com.example.newsapp.splash...., appPackage: com.example.newsapp, chromedriverExecutable: C:\chromedriver\chromedrive..., deviceName: SM-G970F/DS, platformName: android, platformVersion: 11, udid: RF8M50LZGJR}, deviceApiLevel: 30, deviceManufacturer: samsung, deviceModel: SM-G970F, deviceName: RF8M50LZGJR, deviceScreenDensity: 480, deviceScreenSize: 1080x2280, deviceUDID: RF8M50LZGJR, javascriptEnabled: true, locationContextEnabled: false, networkConnectionEnabled: true, pixelRatio: 3, platform: LINUX, platformName: Android, platformVersion: 11, statBarHeight: 117, takesScreenshot: true, udid: RF8M50LZGJR, viewportRect: {height: 1903, left: 0, top: 117, width: 1080}, warnings: {}, webStorageEnabled: false}
Session ID: 4b1604cf-79f5-49b4-8164-d460f903f92f
*** Element info: {Using=xpath, value=//*[@class = &#039;//*[@class = &#039;android.widget.LinearLayout&#039;]}" type="org.openqa.selenium.InvalidSelectorException">
      <![CDATA[org.openqa.selenium.InvalidSelectorException: java.lang.IllegalArgumentException: Unable to compile '//*[@class = '//*[@class = 'android.widget.LinearLayout']'. See Cause.
For documentation on this error, please visit: https://www.seleniumhq.org/exceptions/invalid_selector_exception.html
Build info: version: '3.141.59', revision: 'e82be7d358', time: '2018-11-14T08:17:03'
System info: host: 'DESKTOP-BQAHKGA', ip: '172.28.160.1', os.name: 'Windows 10', os.arch: 'amd64', os.version: '10.0', java.version: '14.0.2'
Driver info: io.appium.java_client.AppiumDriver
Capabilities {appActivity: com.example.newsapp.splash...., appPackage: com.example.newsapp, chromedriverExecutable: C:\chromedriver\chromedrive..., databaseEnabled: false, desired: {appActivity: com.example.newsapp.splash...., appPackage: com.example.newsapp, chromedriverExecutable: C:\chromedriver\chromedrive..., deviceName: SM-G970F/DS, platformName: android, platformVersion: 11, udid: RF8M50LZGJR}, deviceApiLevel: 30, deviceManufacturer: samsung, deviceModel: SM-G970F, deviceName: RF8M50LZGJR, deviceScreenDensity: 480, deviceScreenSize: 1080x2280, deviceUDID: RF8M50LZGJR, javascriptEnabled: true, locationContextEnabled: false, networkConnectionEnabled: true, pixelRatio: 3, platform: LINUX, platformName: Android, platformVersion: 11, statBarHeight: 117, takesScreenshot: true, udid: RF8M50LZGJR, viewportRect: {height: 1903, left: 0, top: 117, width: 1080}, warnings: {}, webStorageEnabled: false}
Session ID: 4b1604cf-79f5-49b4-8164-d460f903f92f
*** Element info: {Using=xpath, value=//*[@class = '//*[@class = 'android.widget.LinearLayout']}
at java.base/jdk.internal.reflect.NativeConstructorAccessorImpl.newInstance0(Native Method)
at java.base/jdk.internal.reflect.NativeConstructorAccessorImpl.newInstance(NativeConstructorAccessorImpl.java:62)
at java.base/jdk.internal.reflect.DelegatingConstructorAccessorImpl.newInstance(DelegatingConstructorAccessorImpl.java:45)
at java.base/java.lang.reflect.Constructor.newInstanceWithCaller(Constructor.java:500)
at java.base/java.lang.reflect.Constructor.newInstance(Constructor.java:481)
at org.openqa.selenium.remote.http.W3CHttpResponseCodec.createException(W3CHttpResponseCodec.java:187)
at org.openqa.selenium.remote.http.W3CHttpResponseCodec.decode(W3CHttpResponseCodec.java:122)
at org.openqa.selenium.remote.http.W3CHttpResponseCodec.decode(W3CHttpResponseCodec.java:49)
at org.openqa.selenium.remote.HttpCommandExecutor.execute(HttpCommandExecutor.java:158)
at io.appium.java_client.remote.AppiumCommandExecutor.execute(AppiumCommandExecutor.java:247)
at org.openqa.selenium.remote.RemoteWebDriver.execute(RemoteWebDriver.java:552)
at io.appium.java_client.DefaultGenericMobileDriver.execute(DefaultGenericMobileDriver.java:41)
at io.appium.java_client.AppiumDriver.execute(AppiumDriver.java:1)
at org.openqa.selenium.remote.RemoteWebDriver.findElements(RemoteWebDriver.java:353)
at io.appium.java_client.DefaultGenericMobileDriver.findElements(DefaultGenericMobileDriver.java:53)
at io.appium.java_client.AppiumDriver.findElements(AppiumDriver.java:179)
at org.openqa.selenium.remote.RemoteWebDriver.findElementsByXPath(RemoteWebDriver.java:432)
at io.appium.java_client.DefaultGenericMobileDriver.findElementsByXPath(DefaultGenericMobileDriver.java:155)
at io.appium.java_client.AppiumDriver.findElementsByXPath(AppiumDriver.java:212)
at org.openqa.selenium.By$ByXPath.findElements(By.java:348)
at org.openqa.selenium.remote.RemoteWebDriver.findElements(RemoteWebDriver.java:311)
at io.appium.java_client.DefaultGenericMobileDriver.findElements(DefaultGenericMobileDriver.java:49)
at io.appium.java_client.AppiumDriver.findElements(AppiumDriver.java:174)
at tests.TestScripts.task3(TestScripts.java:42)
at java.base/jdk.internal.reflect.NativeMethodAccessorImpl.invoke0(Native Method)
at java.base/jdk.internal.reflect.NativeMethodAccessorImpl.invoke(NativeMethodAccessorImpl.java:62)
at java.base/jdk.internal.reflect.DelegatingMethodAccessorImpl.invoke(DelegatingMethodAccessorImpl.java:43)
at java.base/java.lang.reflect.Method.invoke(Method.java:564)
at org.testng.internal.MethodInvocationHelper.invokeMethod(MethodInvocationHelper.java:133)
at org.testng.internal.TestInvoker.invokeMethod(TestInvoker.java:598)
at org.testng.internal.TestInvoker.invokeTestMethod(TestInvoker.java:173)
at org.testng.internal.MethodRunner.runInSequence(MethodRunner.java:46)
at org.testng.internal.TestInvoker$MethodInvocationAgent.invoke(TestInvoker.java:824)
at org.testng.internal.TestInvoker.invokeTestMethods(TestInvoker.java:146)
at org.testng.internal.TestMethodWorker.invokeTestMethods(TestMethodWorker.java:146)
at org.testng.internal.TestMethodWorker.run(TestMethodWorker.java:128)
at java.base/java.util.ArrayList.forEach(ArrayList.java:1511)
at org.testng.TestRunner.privateRun(TestRunner.java:794)
at org.testng.TestRunner.run(TestRunner.java:596)
at org.testng.SuiteRunner.runTest(SuiteRunner.java:377)
at org.testng.SuiteRunner.runSequentially(SuiteRunner.java:371)
at org.testng.SuiteRunner.privateRun(SuiteRunner.java:332)
at org.testng.SuiteRunner.run(SuiteRunner.java:276)
at org.testng.SuiteRunnerWorker.runSuite(SuiteRunnerWorker.java:53)
at org.testng.SuiteRunnerWorker.run(SuiteRunnerWorker.java:96)
at org.testng.TestNG.runSuitesSequentially(TestNG.java:1212)
at org.testng.TestNG.runSuitesLocally(TestNG.java:1134)
at org.testng.TestNG.runSuites(TestNG.java:1063)
at org.testng.TestNG.run(TestNG.java:1031)
at org.testng.remote.AbstractRemoteTestNG.run(AbstractRemoteTestNG.java:115)
at org.testng.remote.RemoteTestNG.initAndRun(RemoteTestNG.java:251)
at org.testng.remote.RemoteTestNG.main(RemoteTestNG.java:77)
]]>
    </error>
  </testcase> <!-- task3 -->
  <system-out/>
</testsuite> <!-- tests.TestScripts -->
